2026-02-24 11:28:47 | INFO     | utils.logger:setup_logging:58 - Logging initialized
2026-02-24 11:28:47 | INFO     | __main__:create_bot:51 - Starting Telegram PC Controller Bot...
2026-02-24 11:28:47 | ERROR    | __main__:create_bot:55 - BOT_TOKEN is not set in environment!
2026-02-24 11:33:50 | INFO     | utils.logger:setup_logging:58 - Logging initialized
2026-02-24 11:33:50 | INFO     | __main__:create_bot:52 - Starting Telegram PC Controller Bot...
2026-02-24 11:33:50 | INFO     | __main__:create_bot:82 - Bot configured successfully
2026-02-24 11:34:50 | INFO     | __main__:on_shutdown:135 - Bot shutting down...
2026-02-24 11:35:12 | INFO     | utils.logger:setup_logging:58 - Logging initialized
2026-02-24 11:35:12 | INFO     | __main__:create_bot:52 - Starting Telegram PC Controller Bot...
2026-02-24 11:35:12 | INFO     | __main__:create_bot:82 - Bot configured successfully
2026-02-24 11:35:47 | INFO     | __main__:on_shutdown:135 - Bot shutting down...
2026-02-24 11:35:47 | INFO     | __main__:on_shutdown:141 - Bot stopped
2026-02-24 11:35:47 | INFO     | __main__:run:189 - Bot stopped
2026-02-24 11:37:27 | INFO     | utils.logger:setup_logging:58 - Logging initialized
2026-02-24 11:37:27 | INFO     | __main__:create_bot:52 - Starting Telegram PC Controller Bot...
2026-02-24 11:37:27 | INFO     | __main__:create_bot:82 - Bot configured successfully
2026-02-24 11:37:27 | INFO     | __main__:on_startup:120 - Bot starting up...
2026-02-24 11:37:27 | INFO     | __main__:on_startup:125 - Database initialized
2026-02-24 11:37:27 | INFO     | __main__:setup_commands:115 - Bot commands configured
2026-02-24 11:37:27 | INFO     | __main__:on_startup:130 - Bot is ready!
2026-02-24 11:37:47 | INFO     | __main__:on_shutdown:135 - Bot shutting down...
2026-02-24 11:37:47 | INFO     | __main__:on_shutdown:141 - Bot stopped
2026-02-24 11:37:47 | INFO     | __main__:run:188 - Bot stopped
2026-02-24 11:38:48 | INFO     | utils.logger:setup_logging:58 - Logging initialized
2026-02-24 11:38:48 | INFO     | __main__:create_bot:52 - Starting Telegram PC Controller Bot...
2026-02-24 11:38:48 | INFO     | __main__:create_bot:82 - Bot configured successfully
2026-02-24 11:38:48 | INFO     | __main__:on_startup:120 - Bot starting up...
2026-02-24 11:38:49 | INFO     | __main__:on_startup:125 - Database initialized
2026-02-24 11:38:49 | INFO     | __main__:setup_commands:115 - Bot commands configured
2026-02-24 11:38:49 | INFO     | __main__:on_startup:130 - Bot is ready!
2026-02-24 11:38:49 | INFO     | handlers.authorization:cmd_start:57 - User 1094318782 started the bot
2026-02-24 11:39:02 | INFO     | handlers.authorization:cmd_start:57 - User 1094318782 started the bot
2026-02-24 11:39:58 | INFO     | __main__:on_shutdown:135 - Bot shutting down...
2026-02-24 11:39:58 | INFO     | __main__:on_shutdown:141 - Bot stopped
2026-02-24 11:39:58 | INFO     | __main__:run:188 - Bot stopped
2026-02-24 11:42:33 | INFO     | utils.logger:setup_logging:58 - Logging initialized
2026-02-24 11:42:33 | INFO     | __main__:create_bot:52 - Starting Telegram PC Controller Bot...
2026-02-24 11:42:33 | INFO     | __main__:create_bot:82 - Bot configured successfully
2026-02-24 11:42:33 | INFO     | __main__:on_startup:120 - Bot starting up...
2026-02-24 11:42:33 | INFO     | __main__:on_startup:125 - Database initialized
2026-02-24 11:42:33 | INFO     | __main__:setup_commands:115 - Bot commands configured
2026-02-24 11:42:33 | INFO     | __main__:on_startup:130 - Bot is ready!
2026-02-24 11:42:39 | INFO     | handlers.authorization:cmd_start:57 - User 1094318782 started the bot
2026-02-24 11:43:23 | INFO     | services.wol:wake:95 - Wake-on-LAN attempt 1/3
2026-02-24 11:43:23 | INFO     | services.wol:send_magic_packet:73 - Magic packet sent to 28::E:E::52::0:0: via 192.168.0.255:9
2026-02-24 11:44:24 | INFO     | services.wol:wake:95 - Wake-on-LAN attempt 1/3
2026-02-24 11:44:24 | INFO     | services.wol:send_magic_packet:73 - Magic packet sent to 28::E:E::52::0:0: via 192.168.0.255:9
2026-02-24 11:44:24 | WARNING  | services.wol:verify_wake:171 - PC at 192.168.0.104 did not come online within 30s
2026-02-24 11:44:42 | WARNING  | services.pc_manager:reboot:185 - Initiating system reboot
2026-02-24 11:44:42 | INFO     | services.pc_manager:execute_command:168 - Command executed: shutdown /r /t 60 /c 'Reboot initiated by Telegram bot'
2026-02-24 11:45:25 | WARNING  | services.wol:verify_wake:171 - PC at 192.168.0.104 did not come online within 30s
2026-02-24 11:52:15 | INFO     | __main__:on_shutdown:135 - Bot shutting down...
2026-02-24 11:52:15 | INFO     | __main__:on_shutdown:141 - Bot stopped
2026-02-24 11:52:15 | INFO     | __main__:run:188 - Bot stopped
2026-02-24 12:19:41 | INFO     | utils.logger:setup_logging:58 - Logging initialized
2026-02-24 12:19:41 | INFO     | __main__:create_bot:52 - Starting Telegram PC Controller Bot...
2026-02-24 12:19:41 | INFO     | __main__:create_bot:82 - Bot configured successfully
2026-02-24 12:19:41 | INFO     | __main__:on_startup:120 - Bot starting up...
2026-02-24 12:19:41 | INFO     | __main__:on_startup:125 - Database initialized
2026-02-24 12:19:42 | INFO     | __main__:setup_commands:115 - Bot commands configured
2026-02-24 12:19:42 | INFO     | __main__:on_startup:130 - Bot is ready!
2026-02-24 12:20:00 | INFO     | handlers.authorization:cmd_start:57 - User 1094318782 started the bot
2026-02-24 12:21:48 | INFO     | __main__:on_shutdown:135 - Bot shutting down...
2026-02-24 12:21:48 | INFO     | __main__:on_shutdown:141 - Bot stopped
2026-02-24 12:21:48 | INFO     | __main__:run:188 - Bot stopped
2026-02-24 12:22:35 | INFO     | utils.logger:setup_logging:58 - Logging initialized
2026-02-24 12:22:35 | INFO     | __main__:create_bot:52 - Starting Telegram PC Controller Bot...
2026-02-24 12:22:35 | INFO     | __main__:create_bot:82 - Bot configured successfully
2026-02-24 12:22:35 | INFO     | __main__:on_startup:120 - Bot starting up...
2026-02-24 12:22:35 | INFO     | __main__:on_startup:125 - Database initialized
2026-02-24 12:22:35 | INFO     | __main__:setup_commands:115 - Bot commands configured
2026-02-24 12:22:35 | INFO     | __main__:on_startup:130 - Bot is ready!
2026-02-24 12:22:39 | INFO     | handlers.authorization:cmd_start:57 - User 1094318782 started the bot
2026-02-24 12:22:43 | INFO     | services.wol:wake:95 - Wake-on-LAN attempt 1/3
2026-02-24 12:22:43 | INFO     | services.wol:send_magic_packet:73 - Magic packet sent to 28::E:E::52::0:0: via 192.168.0.255:9
2026-02-24 12:23:19 | INFO     | services.pc_manager:execute_command:168 - Command executed: firefox
2026-02-24 12:23:33 | INFO     | services.pc_manager:execute_command:168 - Command executed: ls
2026-02-24 12:23:44 | WARNING  | services.wol:verify_wake:171 - PC at 192.168.0.104 did not come online within 30s
2026-02-24 12:24:04 | INFO     | __main__:on_shutdown:135 - Bot shutting down...
2026-02-24 12:24:04 | INFO     | __main__:on_shutdown:141 - Bot stopped
2026-02-24 12:24:04 | INFO     | __main__:run:188 - Bot stopped
